<?xml version="1.0" encoding="UTF-8"?>
<!-- Generated by org.testng.reporters.JUnitXMLReporter -->
<testsuite hostname="Srabani-A" ignored="0" name="Test_all" tests="2" failures="1" timestamp="2021-05-12T14:45:07 IST" time="53.668" errors="0">
  <testcase name="loginTest" time="16.558" classname="com.sinch.ipx.testcases.LoginTest"/>
  <testcase name="loginTest" time="19.452" classname="com.sinch.ipx.testcases.LoginTest">
    <failure type="java.lang.AssertionError" message="expected [www.google.com] but found [http://10.20.0.123:8080/IPX/index.html]">
      <![CDATA[java.lang.AssertionError: expected [www.google.com] but found [http://10.20.0.123:8080/IPX/index.html]
at com.sinch.ipx.testcases.LoginTest.loginTest(LoginTest.java:38)
at java.util.ArrayList.forEach(ArrayList.java:1257)
... Removed 32 stack frames]]>
    </failure>
  </testcase> <!-- loginTest -->
</testsuite> <!-- Test_all -->
