<?xml version="1.0" encoding="UTF-8"?>
<testng-results skipped="0" failed="0" ignored="0" total="1" passed="1">
  <reporter-output>
  </reporter-output>
  <suite name="Surefire suite" duration-ms="40824" started-at="2021-03-19T10:35:06 IST" finished-at="2021-03-19T10:35:47 IST">
    <groups>
      <group name="Sanity">
        <method signature="LoginTest.loginTest(java.util.Hashtable)[pri:0, instance:com.sinch.ipx.testcases.LoginTest@731a74c]" name="loginTest" class="com.sinch.ipx.testcases.LoginTest"/>
      </group> <!-- Sanity -->
      <group name="Smoke">
        <method signature="LoginTest.loginTest(java.util.Hashtable)[pri:0, instance:com.sinch.ipx.testcases.LoginTest@731a74c]" name="loginTest" class="com.sinch.ipx.testcases.LoginTest"/>
      </group> <!-- Smoke -->
    </groups>
    <test name="Surefire test" duration-ms="40824" started-at="2021-03-19T10:35:06 IST" finished-at="2021-03-19T10:35:47 IST">
      <class name="com.sinch.ipx.testcases.LoginTest">
        <test-method status="PASS" signature="beforeSuite()[pri:0, instance:com.sinch.ipx.testcases.LoginTest@731a74c]" name="beforeSuite" is-config="true" duration-ms="191" started-at="2021-03-19T10:35:06 IST" finished-at="2021-03-19T10:35:06 IST">
          <reporter-output>
          </reporter-output>
        </test-method> <!-- beforeSuite -->
        <test-method status="PASS" signature="setup()[pri:0, instance:com.sinch.ipx.testcases.LoginTest@731a74c]" name="setup" is-config="true" duration-ms="13115" started-at="2021-03-19T10:35:07 IST" finished-at="2021-03-19T10:35:20 IST">
          <reporter-output>
          </reporter-output>
        </test-method> <!-- setup -->
        <test-method status="PASS" signature="loginTest(java.util.Hashtable)[pri:0, instance:com.sinch.ipx.testcases.LoginTest@731a74c]" name="loginTest" duration-ms="26268" started-at="2021-03-19T10:35:20 IST" description="This testcase tests the login functionality." data-provider="getHomePageUrlTestData" finished-at="2021-03-19T10:35:46 IST">
          <params>
            <param index="0">
              <value>
                <![CDATA[{testcase_name=home_page_url_test, homepageurl=http://10.20.0.123:8080/IPX/index.html}]]>
              </value>
            </param>
          </params>
          <reporter-output>
          </reporter-output>
        </test-method> <!-- loginTest -->
        <test-method status="PASS" signature="tearDown()[pri:0, instance:com.sinch.ipx.testcases.LoginTest@731a74c]" name="tearDown" is-config="true" duration-ms="716" started-at="2021-03-19T10:35:46 IST" finished-at="2021-03-19T10:35:47 IST">
          <reporter-output>
          </reporter-output>
        </test-method> <!-- tearDown -->
        <test-method status="PASS" signature="endSetup()[pri:0, instance:com.sinch.ipx.testcases.LoginTest@731a74c]" name="endSetup" is-config="true" duration-ms="3" started-at="2021-03-19T10:35:47 IST" finished-at="2021-03-19T10:35:47 IST">
          <reporter-output>
          </reporter-output>
        </test-method> <!-- endSetup -->
      </class> <!-- com.sinch.ipx.testcases.LoginTest -->
    </test> <!-- Surefire test -->
  </suite> <!-- Surefire suite -->
</testng-results>
